build/app/intermediates/manifest_merge_blame_file/release/manifest-merger-blame-release-report.txt
1<?xml version="1.0" encoding="utf-8"?>
2<manifest xmlns:android="http://schemas.android.com/apk/res/android"
3    package="com.timetracker.motracker"
4    android:versionCode="4001"
5    android:versionName="1.0.0" >
6
7    <uses-sdk
8        android:minSdkVersion="23"
8-->src/main/AndroidManifest.xml
9        android:targetSdkVersion="32" />
9-->src/main/AndroidManifest.xml
10
11    <uses-permission android:name="android.permission.INTERNET" />
11-->src/main/AndroidManifest.xml:3:5-66
11-->src/main/AndroidManifest.xml:3:22-64
12    <uses-permission android:name="android.permission.ACCESS_NETWORK_STATE" />
12-->[com.google.firebase:firebase-auth:21.0.3] AndroidManifest.xml:24:5-79
12-->[com.google.firebase:firebase-auth:21.0.3] AndroidManifest.xml:24:22-76
13    <uses-permission android:name="android.permission.WAKE_LOCK" />
13-->[com.google.android.gms:play-services-measurement-api:21.0.0] AndroidManifest.xml:24:5-68
13-->[com.google.android.gms:play-services-measurement-api:21.0.0] AndroidManifest.xml:24:22-65
14    <uses-permission android:name="com.google.android.gms.permission.AD_ID" />
14-->[com.google.android.gms:play-services-measurement-api:21.0.0] AndroidManifest.xml:25:5-79
14-->[com.google.android.gms:play-services-measurement-api:21.0.0] AndroidManifest.xml:25:22-76
15    <uses-permission android:name="com.google.android.finsky.permission.BIND_GET_INSTALL_REFERRER_SERVICE" />
15-->[com.google.android.gms:play-services-measurement:21.0.0] AndroidManifest.xml:26:5-110
15-->[com.google.android.gms:play-services-measurement:21.0.0] AndroidManifest.xml:26:22-107
16
17    <application
18        android:name="android.app.Application"
18-->src/main/AndroidManifest.xml:7:9-42
19        android:appComponentFactory="androidx.core.app.CoreComponentFactory"
19-->[androidx.core:core:1.6.0] AndroidManifest.xml:24:18-86
20        android:extractNativeLibs="false"
21        android:icon="@mipmap/ic_launcher"
21-->src/main/AndroidManifest.xml:8:9-43
22        android:label="MoTracker"
22-->src/main/AndroidManifest.xml:6:9-34
23        android:supportsRtl="true" >
23-->[com.facebook.android:facebook-login:13.2.0] AndroidManifest.xml:28:18-44
24        <activity
24-->src/main/AndroidManifest.xml:9:9-29:20
25            android:name="com.timetracker.motracker.MainActivity"
25-->src/main/AndroidManifest.xml:10:13-41
26            android:configChanges="orientation|keyboardHidden|keyboard|screenSize|smallestScreenSize|locale|layoutDirection|fontScale|screenLayout|density|uiMode"
26-->src/main/AndroidManifest.xml:14:13-163
27            android:exported="true"
27-->src/main/AndroidManifest.xml:11:13-36
28            android:hardwareAccelerated="true"
28-->src/main/AndroidManifest.xml:15:13-47
29            android:launchMode="singleTop"
29-->src/main/AndroidManifest.xml:12:13-43
30            android:theme="@style/LaunchTheme"
30-->src/main/AndroidManifest.xml:13:13-47
31            android:windowSoftInputMode="adjustResize" >
31-->src/main/AndroidManifest.xml:16:13-55
32
33            <!--
34                 Specifies an Android theme to apply to this Activity as soon as
35                 the Android process has started. This theme is visible to the user
36                 while the Flutter UI initializes. After that, this theme continues
37                 to determine the Window background behind the Flutter UI.
38            -->
39            <meta-data
39-->src/main/AndroidManifest.xml:21:13-24:17
40                android:name="io.flutter.embedding.android.NormalTheme"
40-->src/main/AndroidManifest.xml:22:15-70
41                android:resource="@style/NormalTheme" />
41-->src/main/AndroidManifest.xml:23:15-52
42
43            <intent-filter>
43-->src/main/AndroidManifest.xml:25:13-28:29
44                <action android:name="android.intent.action.MAIN" />
44-->src/main/AndroidManifest.xml:26:17-68
44-->src/main/AndroidManifest.xml:26:25-66
45
46                <category android:name="android.intent.category.LAUNCHER" />
46-->src/main/AndroidManifest.xml:27:17-76
46-->src/main/AndroidManifest.xml:27:27-74
47            </intent-filter>
48        </activity>
49        <!--
50             Don't delete the meta-data below.
51             This is used by the Flutter tool to generate GeneratedPluginRegistrant.java
52        -->
53        <meta-data
53-->src/main/AndroidManifest.xml:32:9-34:33
54            android:name="flutterEmbedding"
54-->src/main/AndroidManifest.xml:33:13-44
55            android:value="2" />
55-->src/main/AndroidManifest.xml:34:13-30
56        <meta-data
56-->src/main/AndroidManifest.xml:36:9-107
57            android:name="com.facebook.sdk.ApplicationId"
57-->src/main/AndroidManifest.xml:36:20-65
58            android:value="@string/facebook_app_id" />
58-->src/main/AndroidManifest.xml:36:66-105
59        <meta-data
59-->src/main/AndroidManifest.xml:37:9-111
60            android:name="com.facebook.sdk.ClientToken"
60-->src/main/AndroidManifest.xml:37:20-63
61            android:value="@string/facebook_client_token" />
61-->src/main/AndroidManifest.xml:37:64-109
62
63        <activity
63-->src/main/AndroidManifest.xml:40:9-43:48
64            android:name="com.facebook.FacebookActivity"
64-->src/main/AndroidManifest.xml:40:19-63
65            android:configChanges="keyboard|keyboardHidden|screenLayout|screenSize|orientation"
65-->src/main/AndroidManifest.xml:41:13-113
66            android:label="@string/app_name"
66-->src/main/AndroidManifest.xml:43:13-45
67            android:theme="@style/com_facebook_activity_theme" />
67-->[com.facebook.android:facebook-common:13.2.0] AndroidManifest.xml:33:13-63
68        <activity
68-->src/main/AndroidManifest.xml:44:9-53:20
69            android:name="com.facebook.CustomTabActivity"
69-->src/main/AndroidManifest.xml:45:13-58
70            android:exported="true" >
70-->src/main/AndroidManifest.xml:46:13-36
71            <intent-filter>
71-->src/main/AndroidManifest.xml:47:13-52:29
72                <action android:name="android.intent.action.VIEW" />
72-->src/main/AndroidManifest.xml:48:17-69
72-->src/main/AndroidManifest.xml:48:25-66
73
74                <category android:name="android.intent.category.DEFAULT" />
74-->src/main/AndroidManifest.xml:49:17-76
74-->src/main/AndroidManifest.xml:49:27-73
75                <category android:name="android.intent.category.BROWSABLE" />
75-->src/main/AndroidManifest.xml:50:17-78
75-->src/main/AndroidManifest.xml:50:27-75
76
77                <data android:scheme="@string/fb_login_protocol_scheme" />
77-->src/main/AndroidManifest.xml:51:17-75
77-->src/main/AndroidManifest.xml:51:23-72
78            </intent-filter>
79            <intent-filter>
79-->[com.facebook.android:facebook-common:13.2.0] AndroidManifest.xml:39:13-48:29
80                <action android:name="android.intent.action.VIEW" />
80-->src/main/AndroidManifest.xml:48:17-69
80-->src/main/AndroidManifest.xml:48:25-66
81
82                <category android:name="android.intent.category.DEFAULT" />
82-->src/main/AndroidManifest.xml:49:17-76
82-->src/main/AndroidManifest.xml:49:27-73
83                <category android:name="android.intent.category.BROWSABLE" />
83-->src/main/AndroidManifest.xml:50:17-78
83-->src/main/AndroidManifest.xml:50:27-75
84
85                <data
85-->src/main/AndroidManifest.xml:51:17-75
86                    android:host="cct.com.timetracker.motracker"
87                    android:scheme="fbconnect" />
87-->src/main/AndroidManifest.xml:51:23-72
88            </intent-filter>
89        </activity>
90
91        <service
91-->[:firebase_auth] AndroidManifest.xml:10:9-14:19
92            android:name="com.google.firebase.components.ComponentDiscoveryService"
92-->[:firebase_auth] AndroidManifest.xml:10:18-89
93            android:directBootAware="true"
93-->[com.google.firebase:firebase-common:20.1.1] AndroidManifest.xml:35:13-43
94            android:exported="false" >
94-->[com.google.firebase:firebase-auth:21.0.3] AndroidManifest.xml:66:13-37
95            <meta-data
95-->[:firebase_auth] AndroidManifest.xml:11:13-13:85
96                android:name="com.google.firebase.components:io.flutter.plugins.firebase.auth.FlutterFirebaseAuthRegistrar"
96-->[:firebase_auth] AndroidManifest.xml:12:17-124
97                android:value="com.google.firebase.components.ComponentRegistrar" />
97-->[:firebase_auth] AndroidManifest.xml:13:17-82
98            <meta-data
98-->[:firebase_core] AndroidManifest.xml:11:13-13:85
99                android:name="com.google.firebase.components:io.flutter.plugins.firebase.core.FlutterFirebaseCoreRegistrar"
99-->[:firebase_core] AndroidManifest.xml:12:17-124
100                android:value="com.google.firebase.components.ComponentRegistrar" />
100-->[:firebase_core] AndroidManifest.xml:13:17-82
101            <meta-data
101-->[com.google.firebase:firebase-auth:21.0.3] AndroidManifest.xml:67:13-69:85
102                android:name="com.google.firebase.components:com.google.firebase.auth.FirebaseAuthRegistrar"
102-->[com.google.firebase:firebase-auth:21.0.3] AndroidManifest.xml:68:17-109
103                android:value="com.google.firebase.components.ComponentRegistrar" />
103-->[com.google.firebase:firebase-auth:21.0.3] AndroidManifest.xml:69:17-82
104            <meta-data
104-->[com.google.android.gms:play-services-measurement-api:21.0.0] AndroidManifest.xml:31:13-33:85
105                android:name="com.google.firebase.components:com.google.firebase.analytics.connector.internal.AnalyticsConnectorRegistrar"
105-->[com.google.android.gms:play-services-measurement-api:21.0.0] AndroidManifest.xml:32:17-139
106                android:value="com.google.firebase.components.ComponentRegistrar" />
106-->[com.google.android.gms:play-services-measurement-api:21.0.0] AndroidManifest.xml:33:17-82
107            <meta-data
107-->[com.google.firebase:firebase-installations:17.0.1] AndroidManifest.xml:18:13-20:85
108                android:name="com.google.firebase.components:com.google.firebase.installations.FirebaseInstallationsRegistrar"
108-->[com.google.firebase:firebase-installations:17.0.1] AndroidManifest.xml:19:17-127
109                android:value="com.google.firebase.components.ComponentRegistrar" />
109-->[com.google.firebase:firebase-installations:17.0.1] AndroidManifest.xml:20:17-82
110        </service>
111
112        <uses-library
112-->[androidx.window:window:1.0.0-beta04] AndroidManifest.xml:25:9-27:40
113            android:name="androidx.window.extensions"
113-->[androidx.window:window:1.0.0-beta04] AndroidManifest.xml:26:13-54
114            android:required="false" />
114-->[androidx.window:window:1.0.0-beta04] AndroidManifest.xml:27:13-37
115        <uses-library
115-->[androidx.window:window:1.0.0-beta04] AndroidManifest.xml:28:9-30:40
116            android:name="androidx.window.sidecar"
116-->[androidx.window:window:1.0.0-beta04] AndroidManifest.xml:29:13-51
117            android:required="false" />
117-->[androidx.window:window:1.0.0-beta04] AndroidManifest.xml:30:13-37
118
119        <activity
119-->[com.google.firebase:firebase-auth:21.0.3] AndroidManifest.xml:27:9-44:20
120            android:name="com.google.firebase.auth.internal.GenericIdpActivity"
120-->[com.google.firebase:firebase-auth:21.0.3] AndroidManifest.xml:28:13-80
121            android:excludeFromRecents="true"
121-->[com.google.firebase:firebase-auth:21.0.3] AndroidManifest.xml:29:13-46
122            android:exported="true"
122-->[com.google.firebase:firebase-auth:21.0.3] AndroidManifest.xml:30:13-36
123            android:launchMode="singleTask"
123-->[com.google.firebase:firebase-auth:21.0.3] AndroidManifest.xml:31:13-44
124            android:theme="@android:style/Theme.Translucent.NoTitleBar" >
124-->[com.google.firebase:firebase-auth:21.0.3] AndroidManifest.xml:32:13-72
125            <intent-filter>
125-->[com.google.firebase:firebase-auth:21.0.3] AndroidManifest.xml:33:13-43:29
126                <action android:name="android.intent.action.VIEW" />
126-->src/main/AndroidManifest.xml:48:17-69
126-->src/main/AndroidManifest.xml:48:25-66
127
128                <category android:name="android.intent.category.DEFAULT" />
128-->src/main/AndroidManifest.xml:49:17-76
128-->src/main/AndroidManifest.xml:49:27-73
129                <category android:name="android.intent.category.BROWSABLE" />
129-->src/main/AndroidManifest.xml:50:17-78
129-->src/main/AndroidManifest.xml:50:27-75
130
131                <data
131-->src/main/AndroidManifest.xml:51:17-75
132                    android:host="firebase.auth"
133                    android:path="/"
134                    android:scheme="genericidp" />
134-->src/main/AndroidManifest.xml:51:23-72
135            </intent-filter>
136        </activity>
137        <activity
137-->[com.google.firebase:firebase-auth:21.0.3] AndroidManifest.xml:45:9-62:20
138            android:name="com.google.firebase.auth.internal.RecaptchaActivity"
138-->[com.google.firebase:firebase-auth:21.0.3] AndroidManifest.xml:46:13-79
139            android:excludeFromRecents="true"
139-->[com.google.firebase:firebase-auth:21.0.3] AndroidManifest.xml:47:13-46
140            android:exported="true"
140-->[com.google.firebase:firebase-auth:21.0.3] AndroidManifest.xml:48:13-36
141            android:launchMode="singleTask"
141-->[com.google.firebase:firebase-auth:21.0.3] AndroidManifest.xml:49:13-44
142            android:theme="@android:style/Theme.Translucent.NoTitleBar" >
142-->[com.google.firebase:firebase-auth:21.0.3] AndroidManifest.xml:50:13-72
143            <intent-filter>
143-->[com.google.firebase:firebase-auth:21.0.3] AndroidManifest.xml:51:13-61:29
144                <action android:name="android.intent.action.VIEW" />
144-->src/main/AndroidManifest.xml:48:17-69
144-->src/main/AndroidManifest.xml:48:25-66
145
146                <category android:name="android.intent.category.DEFAULT" />
146-->src/main/AndroidManifest.xml:49:17-76
146-->src/main/AndroidManifest.xml:49:27-73
147                <category android:name="android.intent.category.BROWSABLE" />
147-->src/main/AndroidManifest.xml:50:17-78
147-->src/main/AndroidManifest.xml:50:27-75
148
149                <data
149-->src/main/AndroidManifest.xml:51:17-75
150                    android:host="firebase.auth"
151                    android:path="/"
152                    android:scheme="recaptcha" />
152-->src/main/AndroidManifest.xml:51:23-72
153            </intent-filter>
154        </activity>
155
156        <provider
156-->[com.google.firebase:firebase-common:20.1.1] AndroidManifest.xml:26:9-31:39
157            android:name="com.google.firebase.provider.FirebaseInitProvider"
157-->[com.google.firebase:firebase-common:20.1.1] AndroidManifest.xml:27:13-77
158            android:authorities="com.timetracker.motracker.firebaseinitprovider"
158-->[com.google.firebase:firebase-common:20.1.1] AndroidManifest.xml:28:13-72
159            android:directBootAware="true"
159-->[com.google.firebase:firebase-common:20.1.1] AndroidManifest.xml:29:13-43
160            android:exported="false"
160-->[com.google.firebase:firebase-common:20.1.1] AndroidManifest.xml:30:13-37
161            android:initOrder="100" />
161-->[com.google.firebase:firebase-common:20.1.1] AndroidManifest.xml:31:13-36
162
163        <activity android:name="com.facebook.CustomTabMainActivity" />
163-->[com.facebook.android:facebook-common:13.2.0] AndroidManifest.xml:34:9-71
163-->[com.facebook.android:facebook-common:13.2.0] AndroidManifest.xml:34:19-68
164        <!--
165         The initialization ContentProvider will call FacebookSdk.sdkInitialize automatically
166         with the application context. This config is merged in with the host app's manifest,
167         but there can only be one provider with the same authority activated at any given
168         point; so if the end user has two or more different apps that use Facebook SDK, only the
169         first one will be able to use the provider. To work around this problem, we use the
170         following placeholder in the authority to identify each host application as if it was
171         a completely different provider.
172        -->
173        <provider
173-->[com.facebook.android:facebook-core:13.2.0] AndroidManifest.xml:41:9-44:40
174            android:name="com.facebook.internal.FacebookInitProvider"
174-->[com.facebook.android:facebook-core:13.2.0] AndroidManifest.xml:42:13-70
175            android:authorities="com.timetracker.motracker.FacebookInitProvider"
175-->[com.facebook.android:facebook-core:13.2.0] AndroidManifest.xml:43:13-72
176            android:exported="false" />
176-->[com.facebook.android:facebook-core:13.2.0] AndroidManifest.xml:44:13-37
177
178        <receiver
178-->[com.facebook.android:facebook-core:13.2.0] AndroidManifest.xml:46:9-52:20
179            android:name="com.facebook.CurrentAccessTokenExpirationBroadcastReceiver"
179-->[com.facebook.android:facebook-core:13.2.0] AndroidManifest.xml:47:13-86
180            android:exported="false" >
180-->[com.facebook.android:facebook-core:13.2.0] AndroidManifest.xml:48:13-37
181            <intent-filter>
181-->[com.facebook.android:facebook-core:13.2.0] AndroidManifest.xml:49:13-51:29
182                <action android:name="com.facebook.sdk.ACTION_CURRENT_ACCESS_TOKEN_CHANGED" />
182-->[com.facebook.android:facebook-core:13.2.0] AndroidManifest.xml:50:17-95
182-->[com.facebook.android:facebook-core:13.2.0] AndroidManifest.xml:50:25-92
183            </intent-filter>
184        </receiver>
185        <receiver
185-->[com.facebook.android:facebook-core:13.2.0] AndroidManifest.xml:53:9-59:20
186            android:name="com.facebook.AuthenticationTokenManager$CurrentAuthenticationTokenChangedBroadcastReceiver"
186-->[com.facebook.android:facebook-core:13.2.0] AndroidManifest.xml:54:13-118
187            android:exported="false" >
187-->[com.facebook.android:facebook-core:13.2.0] AndroidManifest.xml:55:13-37
188            <intent-filter>
188-->[com.facebook.android:facebook-core:13.2.0] AndroidManifest.xml:56:13-58:29
189                <action android:name="com.facebook.sdk.ACTION_CURRENT_AUTHENTICATION_TOKEN_CHANGED" />
189-->[com.facebook.android:facebook-core:13.2.0] AndroidManifest.xml:57:17-103
189-->[com.facebook.android:facebook-core:13.2.0] AndroidManifest.xml:57:25-100
190            </intent-filter>
191        </receiver>
192
193        <activity
193-->[com.google.android.gms:play-services-auth:20.0.1] AndroidManifest.xml:23:9-27:75
194            android:name="com.google.android.gms.auth.api.signin.internal.SignInHubActivity"
194-->[com.google.android.gms:play-services-auth:20.0.1] AndroidManifest.xml:24:13-93
195            android:excludeFromRecents="true"
195-->[com.google.android.gms:play-services-auth:20.0.1] AndroidManifest.xml:25:13-46
196            android:exported="false"
196-->[com.google.android.gms:play-services-auth:20.0.1] AndroidManifest.xml:26:13-37
197            android:theme="@android:style/Theme.Translucent.NoTitleBar" />
197-->[com.google.android.gms:play-services-auth:20.0.1] AndroidManifest.xml:27:13-72
198        <!--
199            Service handling Google Sign-In user revocation. For apps that do not integrate with
200            Google Sign-In, this service will never be started.
201        -->
202        <service
202-->[com.google.android.gms:play-services-auth:20.0.1] AndroidManifest.xml:33:9-37:51
203            android:name="com.google.android.gms.auth.api.signin.RevocationBoundService"
203-->[com.google.android.gms:play-services-auth:20.0.1] AndroidManifest.xml:34:13-89
204            android:exported="true"
204-->[com.google.android.gms:play-services-auth:20.0.1] AndroidManifest.xml:35:13-36
205            android:permission="com.google.android.gms.auth.api.signin.permission.REVOCATION_NOTIFICATION"
205-->[com.google.android.gms:play-services-auth:20.0.1] AndroidManifest.xml:36:13-107
206            android:visibleToInstantApps="true" />
206-->[com.google.android.gms:play-services-auth:20.0.1] AndroidManifest.xml:37:13-48
207
208        <receiver
208-->[com.google.android.gms:play-services-measurement:21.0.0] AndroidManifest.xml:29:9-33:20
209            android:name="com.google.android.gms.measurement.AppMeasurementReceiver"
209-->[com.google.android.gms:play-services-measurement:21.0.0] AndroidManifest.xml:30:13-85
210            android:enabled="true"
210-->[com.google.android.gms:play-services-measurement:21.0.0] AndroidManifest.xml:31:13-35
211            android:exported="false" >
211-->[com.google.android.gms:play-services-measurement:21.0.0] AndroidManifest.xml:32:13-37
212        </receiver>
213
214        <service
214-->[com.google.android.gms:play-services-measurement:21.0.0] AndroidManifest.xml:35:9-38:40
215            android:name="com.google.android.gms.measurement.AppMeasurementService"
215-->[com.google.android.gms:play-services-measurement:21.0.0] AndroidManifest.xml:36:13-84
216            android:enabled="true"
216-->[com.google.android.gms:play-services-measurement:21.0.0] AndroidManifest.xml:37:13-35
217            android:exported="false" />
217-->[com.google.android.gms:play-services-measurement:21.0.0] AndroidManifest.xml:38:13-37
218        <service
218-->[com.google.android.gms:play-services-measurement:21.0.0] AndroidManifest.xml:39:9-43:72
219            android:name="com.google.android.gms.measurement.AppMeasurementJobService"
219-->[com.google.android.gms:play-services-measurement:21.0.0] AndroidManifest.xml:40:13-87
220            android:enabled="true"
220-->[com.google.android.gms:play-services-measurement:21.0.0] AndroidManifest.xml:41:13-35
221            android:exported="false"
221-->[com.google.android.gms:play-services-measurement:21.0.0] AndroidManifest.xml:42:13-37
222            android:permission="android.permission.BIND_JOB_SERVICE" />
222-->[com.google.android.gms:play-services-measurement:21.0.0] AndroidManifest.xml:43:13-69
223
224        <activity
224-->[com.google.android.gms:play-services-base:18.0.1] AndroidManifest.xml:20:9-22:45
225            android:name="com.google.android.gms.common.api.GoogleApiActivity"
225-->[com.google.android.gms:play-services-base:18.0.1] AndroidManifest.xml:20:19-85
226            android:exported="false"
226-->[com.google.android.gms:play-services-base:18.0.1] AndroidManifest.xml:22:19-43
227            android:theme="@android:style/Theme.Translucent.NoTitleBar" />
227-->[com.google.android.gms:play-services-base:18.0.1] AndroidManifest.xml:21:19-78
228
229        <meta-data
229-->[com.google.android.gms:play-services-basement:18.0.0] AndroidManifest.xml:21:9-23:69
230            android:name="com.google.android.gms.version"
230-->[com.google.android.gms:play-services-basement:18.0.0] AndroidManifest.xml:22:13-58
231            android:value="@integer/google_play_services_version" />
231-->[com.google.android.gms:play-services-basement:18.0.0] AndroidManifest.xml:23:13-66
232    </application>
233
234</manifest>